<?xml version="1.0" encoding="UTF-8"?>
<!-- Generated by org.testng.reporters.JUnitReportReporter -->
<testsuite skipped="0" hostname="DESKTOP-BO01BC7" name="com.test.Invocation_count" tests="6" failures="0" timestamp="2021-10-22T12:24:39 IST" time="0.021" errors="0">
  <testcase name="Dress" time="0.010" classname="com.test.Invocation_count"/>
  <system-out/>
  <testcase name="Mens" time="0.003" classname="com.test.Invocation_count"/>
  <system-out/>
  <testcase name="tshirt_add" time="0.002" classname="com.test.Invocation_count"/>
  <system-out/>
  <testcase name="tshirt_add" time="0.002" classname="com.test.Invocation_count"/>
  <system-out/>
  <testcase name="tshirt_add" time="0.002" classname="com.test.Invocation_count"/>
  <system-out/>
  <testcase name="checkout" time="0.002" classname="com.test.Invocation_count"/>
  <system-out/>
</testsuite> <!-- com.test.Invocation_count -->
