<?xml version="1.0" encoding="UTF-8"?>
<!-- Generated by org.testng.reporters.JUnitReportReporter -->
<testsuite skipped="0" hostname="DESKTOP-BO01BC7" name="com.test.Group" tests="6" failures="0" timestamp="2021-10-23T11:26:52 IST" time="0.017" errors="0">
  <testcase name="oppo" time="0.001" classname="com.test.Group"/>
  <system-out/>
  <testcase name="Apple" time="0.008" classname="com.test.Group"/>
  <system-out/>
  <testcase name="Lenevo" time="0.001" classname="com.test.Group"/>
  <system-out/>
  <testcase name="samsung" time="0.004" classname="com.test.Group"/>
  <system-out/>
  <testcase name="dell" time="0.002" classname="com.test.Group"/>
  <system-out/>
  <testcase name="vivo" time="0.001" classname="com.test.Group"/>
  <system-out/>
</testsuite> <!-- com.test.Group -->
