<?xml version="1.0" encoding="UTF-8"?>
<!-- Generated by org.testng.reporters.JUnitReportReporter -->
<testsuite skipped="1" hostname="DESKTOP-BO01BC7" name="com.test.Ignore_testNG" tests="4" failures="0" timestamp="2021-10-22T12:57:02 IST" time="0.019" errors="0">
  <testcase name="shirts" time="0.009" classname="com.test.Ignore_testNG"/>
  <system-out/>
  <testcase name="jeans" time="0.002" classname="com.test.Ignore_testNG"/>
  <system-out/>
  <testcase name="belt" time="0.008" classname="com.test.Ignore_testNG"/>
  <system-out/>
  <testcase name="hoodie" classname="com.test.Ignore_testNG">
    <skipped/>
  </testcase> <!-- hoodie -->
  <system-out/>
</testsuite> <!-- com.test.Ignore_testNG -->
