<?xml version="1.0" encoding="UTF-8"?>
<!-- Generated by org.testng.reporters.JUnitReportReporter -->
<testsuite skipped="0" hostname="DESKTOP-BO01BC7" name="com.test.Dataprovider" tests="2" failures="0" timestamp="2021-10-23T11:54:40 IST" time="0.010" errors="0">
  <testcase name="details" time="0.002" classname="com.test.Dataprovider"/>
  <system-out/>
  <testcase name="details" time="0.008" classname="com.test.Dataprovider"/>
  <system-out/>
</testsuite> <!-- com.test.Dataprovider -->
