<?xml version="1.0" encoding="UTF-8"?>
<!-- Generated by org.testng.reporters.JUnitReportReporter -->
<testsuite skipped="0" hostname="DESKTOP-BO01BC7" name="org.adactin.SDP_adactin" tests="1" failures="0" timestamp="2021-10-23T12:53:12 IST" time="26.204" errors="0">
  <testcase name="search_hotel" time="26.204" classname="org.adactin.SDP_adactin"/>
  <system-out/>
</testsuite> <!-- org.adactin.SDP_adactin -->
