<?xml version="1.0" encoding="UTF-8"?>
<!-- Generated by org.testng.reporters.JUnitReportReporter -->
<testsuite name="com.test.Annotations" tests="3" time="0.010" ignored="0" failures="0" timestamp="21 Oct 2021 06:48:24 GMT" skipped="0" hostname="DESKTOP-BO01BC7" errors="0">
  <testcase name="laptop" time="0.001" classname="com.test.Annotations"/>
  <testcase name="mobile" time="0.003" classname="com.test.Annotations"/>
  <testcase name="earphones" time="0.006" classname="com.test.Annotations"/>
</testsuite> <!-- com.test.Annotations -->
