<?xml version="1.0" encoding="UTF-8"?>
<!-- Generated by org.testng.reporters.JUnitReportReporter -->
<testsuite skipped="0" hostname="DESKTOP-BO01BC7" name="com.test.TimeOut" tests="1" failures="0" timestamp="2021-10-22T12:35:36 IST" time="2.535" errors="0">
  <testcase name="open" time="2.535" classname="com.test.TimeOut"/>
  <system-out/>
</testsuite> <!-- com.test.TimeOut -->
