<?xml version="1.0" encoding="UTF-8"?>
<!-- Generated by org.testng.reporters.JUnitReportReporter -->
<testsuite skipped="0" hostname="DESKTOP-BO01BC7" name="com.test.Parameters_Test" tests="1" failures="0" timestamp="2021-10-23T11:48:45 IST" time="0.010" errors="0">
  <testcase name="details" time="0.010" classname="com.test.Parameters_Test"/>
  <system-out/>
</testsuite> <!-- com.test.Parameters_Test -->
