<?xml version="1.0" encoding="UTF-8"?>
<!-- Generated by org.testng.reporters.JUnitReportReporter -->
<testsuite skipped="0" hostname="DESKTOP-BO01BC7" name="com.test.HardAsset" tests="1" failures="0" timestamp="2021-11-02T11:01:09 IST" time="0.011" errors="0">
  <testcase name="check" time="0.011" classname="com.test.HardAsset"/>
  <system-out/>
</testsuite> <!-- com.test.HardAsset -->
