<?xml version="1.0" encoding="UTF-8"?>
<!-- Generated by org.testng.reporters.JUnitReportReporter -->
<testsuite skipped="0" hostname="DESKTOP-BO01BC7" name="com.pom.automation.SDP_Runner_Automation" tests="1" failures="0" timestamp="2021-10-23T12:51:54 IST" time="61.692" errors="0">
  <testcase name="purchase_1" time="61.692" classname="com.pom.automation.SDP_Runner_Automation"/>
  <system-out/>
</testsuite> <!-- com.pom.automation.SDP_Runner_Automation -->
