<?xml version="1.0" encoding="UTF-8"?>
<!-- Generated by org.testng.reporters.JUnitReportReporter -->
<testsuite skipped="0" hostname="DESKTOP-BO01BC7" name="com.test.Softassert" tests="1" failures="0" timestamp="2021-11-02T11:01:43 IST" time="0.017" errors="0">
  <testcase name="check" time="0.017" classname="com.test.Softassert"/>
  <system-out/>
</testsuite> <!-- com.test.Softassert -->
