<?xml version="1.0" encoding="UTF-8"?>
<!-- Generated by org.testng.reporters.JUnitReportReporter -->
<testsuite skipped="0" hostname="DESKTOP-BO01BC7" name="com.test.Priority" tests="7" failures="0" timestamp="2021-10-22T12:29:45 IST" time="0.021" errors="0">
  <testcase name="shirts" time="0.010" classname="com.test.Priority"/>
  <system-out/>
  <testcase name="pant" time="0.002" classname="com.test.Priority"/>
  <system-out/>
  <testcase name="belt" time="0.002" classname="com.test.Priority"/>
  <system-out/>
  <testcase name="shoes" time="0.002" classname="com.test.Priority"/>
  <system-out/>
  <testcase name="hoodie" time="0.003" classname="com.test.Priority"/>
  <system-out/>
  <testcase name="jeans" time="0.001" classname="com.test.Priority"/>
  <system-out/>
  <testcase name="sneakers" time="0.001" classname="com.test.Priority"/>
  <system-out/>
</testsuite> <!-- com.test.Priority -->
